<?xml version="1.0" encoding="UTF-8" ?>
<testsuite errors="0" failures="1" hostname="NatsPC" name="HelloWorldTest" tests="2" time="2.058" timestamp="2009-09-24T19:44:30">
  <properties>
[...]
</properties>
  <testcase classname="HelloWorldTest" name="testNothing" time="0.0" />
  <testcase classname="HelloWorldTest" name="testWillAlwaysFail" time="0.0050">
    <failure message="Error Message" type="junit.framework.AssertionFailedError">junit.framework.AssertionFailedError: Error Message
	at HelloWorldTest.testWillAlwaysFail(Unknown Source)
</failure>
  </testcase>
  <system-out><![CDATA[]]></system-out>
  <system-err><![CDATA[]]></system-err>
</testsuite>
