# JRE version: Java(TM) SE Runtime Environment (17.0.12+8) (build 17.0.12+8-LTS-286)
# Java VM: Java HotSpot(TM) 64-Bit Server VM (17.0.12+8-LTS-286, mixed mode, sharing, tiered, compressed oops, compressed class ptrs, g1 gc, windows-amd64)
GC Precious Log:
 CPUs: 2 total, 2 available
 Memory: 7055M
 Large Page Support: Disabled
 NUMA Support: Disabled
 Compressed Oops: Enabled (32-bit)
 Heap Region Size: 1M
 Heap Min Capacity: 8M
 Heap Initial Capacity: 112M
 Heap Max Capacity: 1764M
 Pre-touch: Disabled
 Parallel Workers: 2
 Concurrent Workers: 1
 Concurrent Refinement Workers: 2
 Periodic GC: Disabled
Heap:
 garbage-first heap   total 114688K, used 9821K [0x0000000091c00000, 0x0000000100000000)
  region size 1024K, 8 young (8192K), 6 survivors (6144K)
 Metaspace       used 14786K, committed 14976K, reserved 1114112K
  class space    used 1773K, committed 1856K, reserved 1048576K
GC Heap History (10 events):
Event: 201.171 GC heap before
{Heap before GC invocations=0 (full 0):
 garbage-first heap   total 114688K, used 5120K [0x0000000091c00000, 0x0000000100000000)
  region size 1024K, 6 young (6144K), 0 survivors (0K)
 Metaspace       used 1984K, committed 2176K, reserved 1114112K
  class space    used 186K, committed 256K, reserved 1048576K
}
Event: 202.186 GC heap after
{Heap after GC invocations=1 (full 0):
 garbage-first heap   total 114688K, used 2240K [0x0000000091c00000, 0x0000000100000000)
  region size 1024K, 1 young (1024K), 1 survivors (1024K)
 Metaspace       used 1984K, committed 2176K, reserved 1114112K
  class space    used 186K, committed 256K, reserved 1048576K
}
Event: 212.877 GC heap before
{Heap before GC invocations=1 (full 0):
 garbage-first heap   total 114688K, used 5312K [0x0000000091c00000, 0x0000000100000000)
  region size 1024K, 5 young (5120K), 1 survivors (1024K)
 Metaspace       used 2929K, committed 3136K, reserved 1114112K
  class space    used 307K, committed 384K, reserved 1048576K
}
Event: 212.887 GC heap after
{Heap after GC invocations=2 (full 0):
 garbage-first heap   total 114688K, used 3337K [0x0000000091c00000, 0x0000000100000000)
  region size 1024K, 1 young (1024K), 1 survivors (1024K)
 Metaspace       used 2929K, committed 3136K, reserved 1114112K
  class space    used 307K, committed 384K, reserved 1048576K
}
Event: 223.752 GC heap before
{Heap before GC invocations=2 (full 0):
 garbage-first heap   total 114688K, used 6409K [0x0000000091c00000, 0x0000000100000000)
  region size 1024K, 5 young (5120K), 1 survivors (1024K)
 Metaspace       used 4196K, committed 4416K, reserved 1114112K
  class space    used 466K, committed 576K, reserved 1048576K
}
Event: 223.756 GC heap after
{Heap after GC invocations=3 (full 0):
 garbage-first heap   total 114688K, used 3561K [0x0000000091c00000, 0x0000000100000000)
  region size 1024K, 1 young (1024K), 1 survivors (1024K)
 Metaspace       used 4196K, committed 4416K, reserved 1114112K
  class space    used 466K, committed 576K, reserved 1048576K
}
Event: 235.514 GC heap before
{Heap before GC invocations=3 (full 0):
 garbage-first heap   total 114688K, used 12777K [0x0000000091c00000, 0x0000000100000000)
  region size 1024K, 10 young (10240K), 1 survivors (1024K)
 Metaspace       used 5573K, committed 5760K, reserved 1114112K
  class space    used 667K, committed 768K, reserved 1048576K
}
Event: 235.517 GC heap after
{Heap after GC invocations=4 (full 0):
 garbage-first heap   total 114688K, used 4020K [0x0000000091c00000, 0x0000000100000000)
  region size 1024K, 1 young (1024K), 1 survivors (1024K)
 Metaspace       used 5573K, committed 5760K, reserved 1114112K
  class space    used 667K, committed 768K, reserved 1048576K
}
Event: 419.195 GC heap before
{Heap before GC invocations=4 (full 0):
 garbage-first heap   total 114688K, used 63412K [0x0000000091c00000, 0x0000000100000000)
  region size 1024K, 59 young (60416K), 1 survivors (1024K)
 Metaspace       used 14772K, committed 14976K, reserved 1114112K
  class space    used 1773K, committed 1856K, reserved 1048576K
}
Event: 419.223 GC heap after
{Heap after GC invocations=5 (full 0):
 garbage-first heap   total 114688K, used 8797K [0x0000000091c00000, 0x0000000100000000)
  region size 1024K, 6 young (6144K), 6 survivors (6144K)
 Metaspace       used 14772K, committed 14976K, reserved 1114112K
  class space    used 1773K, committed 1856K, reserved 1048576K
}

